<?xml version="1.0" encoding="UTF-8"?>
<Site BuildName="(empty)"
	BuildStamp="20250217-1453-Experimental"
	Name="DESKTOP-N1TFVQ3"
	Generator="ctest-3.16.3"
	CompilerName="/usr/bin/g++"
	CompilerVersion="9.4.0"
	OSName="Linux"
	Hostname="DESKTOP-N1TFVQ3"
	OSRelease="5.15.167.4-microsoft-standard-WSL2"
	OSVersion="#1 SMP Tue Nov 5 00:21:55 UTC 2024"
	OSPlatform="x86_64"
	Is64Bits="1"
	VendorString="AuthenticAMD"
	VendorID="Advanced Micro Devices"
	FamilyID="25"
	ModelID="80"
	ProcessorCacheSize="512"
	NumberOfLogicalCPU="16"
	NumberOfPhysicalCPU="8"
	TotalVirtualMemory="4096"
	TotalPhysicalMemory="15638"
	LogicalProcessorsPerPhysical="2"
	ProcessorClockFrequency="3792.73"
	>
	<Testing>
		<StartDateTime>Feb 17 14:59 -03</StartDateTime>
		<StartTestTime>1739815186</StartTestTime>
		<TestList/>
		<EndDateTime>Feb 17 14:59 -03</EndDateTime>
		<EndTestTime>1739815186</EndTestTime>
		<ElapsedMinutes>0</ElapsedMinutes>
	</Testing>
</Site>
